빌드 시작: 2020-12-02 오후 11:13:06
     1>2 노드의 "C:\Users\lg\Documents\c_practice\컴구_termProject\컴구_termProject\컴구_termProject.vcxproj" 프로젝트(build 대상)입니다.
     1>PrepareForBuild:
         "C:\Users\lg\Documents\c_practice\컴구_termProject\Debug\" 디렉터리를 만들고 있습니다.
       InitializeBuildStatus:
         "AlwaysCreate"이(가) 지정되었기 때문에 "Debug\컴구_termProject.unsuccessfulbuild"을(를) 만들고 있습니다.
       ClCompile:
         C:\Program Files (x86)\Microsoft Visual Studio 10.0\VC\bin\CL.exe /c /ZI /nologo /W3 /WX- /Od /Oy- /D WIN32 /D _DEBUG /D _CONSOLE /D _UNICODE /D UNICODE /Gm /EHsc /RTC1 /MDd /GS /fp:precise /Zc:wchar_t /Zc:forScope /Fo"Debug\\" /Fd"Debug\vc100.pdb" /Gd /TC /analyze- /errorReport:prompt cache.c main.c
         main.c
     1>c:\users\lg\documents\c_practice\컴구_termproject\컴구_termproject\main.c(52): warning C4996: 'fopen': This function or variable may be unsafe. Consider using fopen_s instead. To disable deprecation, use _CRT_SECURE_NO_WARNINGS. See online help for details.
                 c:\program files (x86)\microsoft visual studio 10.0\vc\include\stdio.h(234) : 'fopen' 선언을 참조하십시오.
     1>c:\users\lg\documents\c_practice\컴구_termproject\컴구_termproject\main.c(57): warning C4996: 'fopen': This function or variable may be unsafe. Consider using fopen_s instead. To disable deprecation, use _CRT_SECURE_NO_WARNINGS. See online help for details.
                 c:\program files (x86)\microsoft visual studio 10.0\vc\include\stdio.h(234) : 'fopen' 선언을 참조하십시오.
     1>c:\users\lg\documents\c_practice\컴구_termproject\컴구_termproject\main.c(66): warning C4996: 'fscanf': This function or variable may be unsafe. Consider using fscanf_s instead. To disable deprecation, use _CRT_SECURE_NO_WARNINGS. See online help for details.
                 c:\program files (x86)\microsoft visual studio 10.0\vc\include\stdio.h(253) : 'fscanf' 선언을 참조하십시오.
     1>c:\users\lg\documents\c_practice\컴구_termproject\컴구_termproject\main.c(45): warning C4101: 'accessed_data' :참조되지 않은 지역 변수입니다.
     1>c:\users\lg\documents\c_practice\컴구_termproject\컴구_termproject\main.c(46): warning C4101: 'block_addr' :참조되지 않은 지역 변수입니다.
     1>c:\users\lg\documents\c_practice\컴구_termproject\컴구_termproject\main.c(47): warning C4101: 'byte_offset' :참조되지 않은 지역 변수입니다.
         cache.c
     1>c:\users\lg\documents\c_practice\컴구_termproject\컴구_termproject\cache.c(117): error C2143: 구문 오류 : ';'이(가) '형식' 앞에 없습니다.
     1>c:\users\lg\documents\c_practice\컴구_termproject\컴구_termproject\cache.c(117): error C2143: 구문 오류 : ';'이(가) '형식' 앞에 없습니다.
     1>c:\users\lg\documents\c_practice\컴구_termproject\컴구_termproject\cache.c(117): error C2143: 구문 오류 : ')'이(가) '형식' 앞에 없습니다.
     1>c:\users\lg\documents\c_practice\컴구_termproject\컴구_termproject\cache.c(117): error C2143: 구문 오류 : ';'이(가) '형식' 앞에 없습니다.
     1>c:\users\lg\documents\c_practice\컴구_termproject\컴구_termproject\cache.c(117): error C2065: 'i' : 선언되지 않은 식별자입니다.
     1>c:\users\lg\documents\c_practice\컴구_termproject\컴구_termproject\cache.c(117): warning C4552: '<' : 의미 없는 연산자입니다. 파생 작업이 있는 연산자여야 합니다.
     1>c:\users\lg\documents\c_practice\컴구_termproject\컴구_termproject\cache.c(117): error C2065: 'i' : 선언되지 않은 식별자입니다.
     1>c:\users\lg\documents\c_practice\컴구_termproject\컴구_termproject\cache.c(117): error C2059: 구문 오류 : ')'
     1>c:\users\lg\documents\c_practice\컴구_termproject\컴구_termproject\cache.c(117): error C2143: 구문 오류 : ';'이(가) '{' 앞에 없습니다.
     1>c:\users\lg\documents\c_practice\컴구_termproject\컴구_termproject\cache.c(118): error C2143: 구문 오류 : ';'이(가) '형식' 앞에 없습니다.
     1>c:\users\lg\documents\c_practice\컴구_termproject\컴구_termproject\cache.c(118): error C2143: 구문 오류 : ';'이(가) '형식' 앞에 없습니다.
     1>c:\users\lg\documents\c_practice\컴구_termproject\컴구_termproject\cache.c(118): error C2143: 구문 오류 : ')'이(가) '형식' 앞에 없습니다.
     1>c:\users\lg\documents\c_practice\컴구_termproject\컴구_termproject\cache.c(118): error C2143: 구문 오류 : ';'이(가) '형식' 앞에 없습니다.
     1>c:\users\lg\documents\c_practice\컴구_termproject\컴구_termproject\cache.c(118): error C2065: 'j' : 선언되지 않은 식별자입니다.
     1>c:\users\lg\documents\c_practice\컴구_termproject\컴구_termproject\cache.c(118): warning C4552: '<' : 의미 없는 연산자입니다. 파생 작업이 있는 연산자여야 합니다.
     1>c:\users\lg\documents\c_practice\컴구_termproject\컴구_termproject\cache.c(118): error C2065: 'j' : 선언되지 않은 식별자입니다.
     1>c:\users\lg\documents\c_practice\컴구_termproject\컴구_termproject\cache.c(118): error C2059: 구문 오류 : ')'
     1>c:\users\lg\documents\c_practice\컴구_termproject\컴구_termproject\cache.c(118): error C2143: 구문 오류 : ';'이(가) '{' 앞에 없습니다.
     1>c:\users\lg\documents\c_practice\컴구_termproject\컴구_termproject\cache.c(119): error C2065: 'i' : 선언되지 않은 식별자입니다.
     1>c:\users\lg\documents\c_practice\컴구_termproject\컴구_termproject\cache.c(119): error C2065: 'j' : 선언되지 않은 식별자입니다.
     1>c:\users\lg\documents\c_practice\컴구_termproject\컴구_termproject\cache.c(120): error C2143: 구문 오류 : ';'이(가) '형식' 앞에 없습니다.
     1>c:\users\lg\documents\c_practice\컴구_termproject\컴구_termproject\cache.c(120): error C2143: 구문 오류 : ';'이(가) '형식' 앞에 없습니다.
     1>c:\users\lg\documents\c_practice\컴구_termproject\컴구_termproject\cache.c(120): error C2143: 구문 오류 : ')'이(가) '형식' 앞에 없습니다.
     1>c:\users\lg\documents\c_practice\컴구_termproject\컴구_termproject\cache.c(120): error C2143: 구문 오류 : ';'이(가) '형식' 앞에 없습니다.
     1>c:\users\lg\documents\c_practice\컴구_termproject\컴구_termproject\cache.c(120): error C2065: 'k' : 선언되지 않은 식별자입니다.
     1>c:\users\lg\documents\c_practice\컴구_termproject\컴구_termproject\cache.c(120): warning C4552: '<' : 의미 없는 연산자입니다. 파생 작업이 있는 연산자여야 합니다.
     1>c:\users\lg\documents\c_practice\컴구_termproject\컴구_termproject\cache.c(120): error C2065: 'k' : 선언되지 않은 식별자입니다.
     1>c:\users\lg\documents\c_practice\컴구_termproject\컴구_termproject\cache.c(120): error C2059: 구문 오류 : ')'
     1>c:\users\lg\documents\c_practice\컴구_termproject\컴구_termproject\cache.c(120): error C2143: 구문 오류 : ';'이(가) '{' 앞에 없습니다.
     1>c:\users\lg\documents\c_practice\컴구_termproject\컴구_termproject\cache.c(123): error C2065: 'k' : 선언되지 않은 식별자입니다.
         코드를 생성하고 있습니다...
     1>"C:\Users\lg\Documents\c_practice\컴구_termProject\컴구_termProject\컴구_termProject.vcxproj" 프로젝트를 빌드했습니다(build 대상). - 실패

빌드하지 못했습니다.

경과 시간: 00:00:00.73
